Info: constraining clock net 'clk25' to 25.00 MHz

Info: Logic utilisation before packing:
Info:     Total LUT4s:      4844/24288    19%
Info:         logic LUTs:   3956/24288    16%
Info:         carry LUTs:    600/24288     2%
Info:           RAM LUTs:    192/ 3036     6%
Info:          RAMW LUTs:     96/ 6072     1%

Info:      Total DFFs:      1083/24288     4%

Info: Packing IOs..
Info: $sram_b_data__port[15]$iobuf_i: sram_b_data__port_$_TBUF__Y.Y
Info: pin 'sram_b_data__port[15]$tr_io' constrained to Bel 'X0/Y38/PIOC'.
Info: $sram_b_data__port[14]$iobuf_i: sram_b_data__port_$_TBUF__Y_1.Y
Info: pin 'sram_b_data__port[14]$tr_io' constrained to Bel 'X0/Y38/PIOD'.
Info: $sram_b_data__port[13]$iobuf_i: sram_b_data__port_$_TBUF__Y_2.Y
Info: pin 'sram_b_data__port[13]$tr_io' constrained to Bel 'X0/Y41/PIOB'.
Info: $sram_b_data__port[12]$iobuf_i: sram_b_data__port_$_TBUF__Y_3.Y
Info: pin 'sram_b_data__port[12]$tr_io' constrained to Bel 'X0/Y41/PIOD'.
Info: $sram_b_data__port[11]$iobuf_i: sram_b_data__port_$_TBUF__Y_4.Y
Info: pin 'sram_b_data__port[11]$tr_io' constrained to Bel 'X4/Y50/PIOA'.
Info: $sram_b_data__port[10]$iobuf_i: sram_b_data__port_$_TBUF__Y_5.Y
Info: pin 'sram_b_data__port[10]$tr_io' constrained to Bel 'X6/Y50/PIOB'.
Info: $sram_b_data__port[9]$iobuf_i: sram_b_data__port_$_TBUF__Y_6.Y
Info: pin 'sram_b_data__port[9]$tr_io' constrained to Bel 'X6/Y50/PIOA'.
Info: $sram_b_data__port[8]$iobuf_i: sram_b_data__port_$_TBUF__Y_7.Y
Info: pin 'sram_b_data__port[8]$tr_io' constrained to Bel 'X13/Y50/PIOA'.
Info: $sram_b_data__port[7]$iobuf_i: sram_b_data__port_$_TBUF__Y_8.Y
Info: pin 'sram_b_data__port[7]$tr_io' constrained to Bel 'X0/Y29/PIOA'.
Info: $sram_b_data__port[6]$iobuf_i: sram_b_data__port_$_TBUF__Y_9.Y
Info: pin 'sram_b_data__port[6]$tr_io' constrained to Bel 'X0/Y20/PIOC'.
Info: $sram_b_data__port[5]$iobuf_i: sram_b_data__port_$_TBUF__Y_10.Y
Info: pin 'sram_b_data__port[5]$tr_io' constrained to Bel 'X0/Y17/PIOC'.
Info: $sram_b_data__port[4]$iobuf_i: sram_b_data__port_$_TBUF__Y_11.Y
Info: pin 'sram_b_data__port[4]$tr_io' constrained to Bel 'X0/Y14/PIOD'.
Info: $sram_b_data__port[3]$iobuf_i: sram_b_data__port_$_TBUF__Y_12.Y
Info: pin 'sram_b_data__port[3]$tr_io' constrained to Bel 'X0/Y5/PIOC'.
Info: $sram_b_data__port[2]$iobuf_i: sram_b_data__port_$_TBUF__Y_13.Y
Info: pin 'sram_b_data__port[2]$tr_io' constrained to Bel 'X9/Y0/PIOA'.
Info: $sram_b_data__port[1]$iobuf_i: sram_b_data__port_$_TBUF__Y_14.Y
Info: pin 'sram_b_data__port[1]$tr_io' constrained to Bel 'X0/Y2/PIOC'.
Info: $sram_b_data__port[0]$iobuf_i: sram_b_data__port_$_TBUF__Y_15.Y
Info: pin 'sram_b_data__port[0]$tr_io' constrained to Bel 'X9/Y0/PIOB'.
Info: $sram_a_data__port[15]$iobuf_i: sram_a_data__port_$_TBUF__Y.Y
Info: pin 'sram_a_data__port[15]$tr_io' constrained to Bel 'X27/Y0/PIOB'.
Info: $sram_a_data__port[14]$iobuf_i: sram_a_data__port_$_TBUF__Y_1.Y
Info: pin 'sram_a_data__port[14]$tr_io' constrained to Bel 'X18/Y0/PIOB'.
Info: $sram_a_data__port[13]$iobuf_i: sram_a_data__port_$_TBUF__Y_2.Y
Info: pin 'sram_a_data__port[13]$tr_io' constrained to Bel 'X22/Y0/PIOB'.
Info: $sram_a_data__port[12]$iobuf_i: sram_a_data__port_$_TBUF__Y_3.Y
Info: pin 'sram_a_data__port[12]$tr_io' constrained to Bel 'X18/Y0/PIOA'.
Info: $sram_a_data__port[11]$iobuf_i: sram_a_data__port_$_TBUF__Y_4.Y
Info: pin 'sram_a_data__port[11]$tr_io' constrained to Bel 'X11/Y0/PIOB'.
Info: $sram_a_data__port[10]$iobuf_i: sram_a_data__port_$_TBUF__Y_5.Y
Info: pin 'sram_a_data__port[10]$tr_io' constrained to Bel 'X6/Y0/PIOA'.
Info: $sram_a_data__port[9]$iobuf_i: sram_a_data__port_$_TBUF__Y_6.Y
Info: pin 'sram_a_data__port[9]$tr_io' constrained to Bel 'X4/Y0/PIOB'.
Info: $sram_a_data__port[8]$iobuf_i: sram_a_data__port_$_TBUF__Y_7.Y
Info: pin 'sram_a_data__port[8]$tr_io' constrained to Bel 'X4/Y0/PIOA'.
Info: $sram_a_data__port[7]$iobuf_i: sram_a_data__port_$_TBUF__Y_8.Y
Info: pin 'sram_a_data__port[7]$tr_io' constrained to Bel 'X72/Y5/PIOD'.
Info: $sram_a_data__port[6]$iobuf_i: sram_a_data__port_$_TBUF__Y_9.Y
Info: pin 'sram_a_data__port[6]$tr_io' constrained to Bel 'X72/Y11/PIOB'.
Info: $sram_a_data__port[5]$iobuf_i: sram_a_data__port_$_TBUF__Y_10.Y
Info: pin 'sram_a_data__port[5]$tr_io' constrained to Bel 'X72/Y14/PIOC'.
Info: $sram_a_data__port[4]$iobuf_i: sram_a_data__port_$_TBUF__Y_11.Y
Info: pin 'sram_a_data__port[4]$tr_io' constrained to Bel 'X72/Y17/PIOB'.
Info: $sram_a_data__port[3]$iobuf_i: sram_a_data__port_$_TBUF__Y_12.Y
Info: pin 'sram_a_data__port[3]$tr_io' constrained to Bel 'X72/Y20/PIOD'.
Info: $sram_a_data__port[2]$iobuf_i: sram_a_data__port_$_TBUF__Y_13.Y
Info: pin 'sram_a_data__port[2]$tr_io' constrained to Bel 'X72/Y29/PIOC'.
Info: $sram_a_data__port[1]$iobuf_i: sram_a_data__port_$_TBUF__Y_14.Y
Info: pin 'sram_a_data__port[1]$tr_io' constrained to Bel 'X72/Y32/PIOC'.
Info: $sram_a_data__port[0]$iobuf_i: sram_a_data__port_$_TBUF__Y_15.Y
Info: pin 'sram_a_data__port[0]$tr_io' constrained to Bel 'X72/Y35/PIOC'.
Info: pin 'txd$tr_io' constrained to Bel 'X38/Y0/PIOA'.
Info: pin 'sram_we_n$tr_io' constrained to Bel 'X0/Y2/PIOD'.
Info: pin 'sram_b_ub_n$tr_io' constrained to Bel 'X0/Y35/PIOD'.
Info: pin 'sram_b_oe_n$tr_io' constrained to Bel 'X0/Y32/PIOA'.
Info: pin 'sram_b_lb_n$tr_io' constrained to Bel 'X0/Y35/PIOA'.
Info: pin 'sram_b_ce_n$tr_io' constrained to Bel 'X11/Y0/PIOA'.
Info: pin 'sram_address[17]$tr_io' constrained to Bel 'X0/Y26/PIOB'.
Info: pin 'sram_address[16]$tr_io' constrained to Bel 'X0/Y26/PIOC'.
Info: pin 'sram_address[15]$tr_io' constrained to Bel 'X0/Y26/PIOD'.
Info: pin 'sram_address[14]$tr_io' constrained to Bel 'X0/Y11/PIOD'.
Info: pin 'sram_address[13]$tr_io' constrained to Bel 'X0/Y14/PIOA'.
Info: pin 'sram_address[12]$tr_io' constrained to Bel 'X0/Y11/PIOC'.
Info: pin 'sram_address[11]$tr_io' constrained to Bel 'X0/Y20/PIOA'.
Info: pin 'sram_address[10]$tr_io' constrained to Bel 'X0/Y14/PIOB'.
Info: pin 'sram_address[9]$tr_io' constrained to Bel 'X0/Y23/PIOD'.
Info: pin 'sram_address[8]$tr_io' constrained to Bel 'X0/Y23/PIOC'.
Info: pin 'sram_address[7]$tr_io' constrained to Bel 'X0/Y23/PIOB'.
Info: pin 'sram_address[6]$tr_io' constrained to Bel 'X0/Y23/PIOA'.
Info: pin 'sram_address[5]$tr_io' constrained to Bel 'X0/Y20/PIOB'.
Info: pin 'sram_address[4]$tr_io' constrained to Bel 'X0/Y26/PIOA'.
Info: pin 'sram_address[3]$tr_io' constrained to Bel 'X72/Y47/PIOC'.
Info: pin 'sram_address[2]$tr_io' constrained to Bel 'X72/Y47/PIOD'.
Info: pin 'sram_address[1]$tr_io' constrained to Bel 'X72/Y44/PIOD'.
Info: pin 'sram_address[0]$tr_io' constrained to Bel 'X72/Y41/PIOA'.
Info: pin 'sram_a_ub_n$tr_io' constrained to Bel 'X35/Y0/PIOB'.
Info: pin 'sram_a_oe_n$tr_io' constrained to Bel 'X29/Y0/PIOB'.
Info: pin 'sram_a_lb_n$tr_io' constrained to Bel 'X29/Y0/PIOA'.
Info: pin 'sram_a_ce_n$tr_io' constrained to Bel 'X72/Y44/PIOC'.
Info: pin 'rxd$tr_io' constrained to Bel 'X42/Y0/PIOA'.
Info: pin 'reset_n$tr_io' constrained to Bel 'X0/Y20/PIOD'.
Info: pin 'led_r$tr_io' constrained to Bel 'X49/Y0/PIOA'.
Info: pin 'led_g$tr_io' constrained to Bel 'X53/Y0/PIOA'.
Info: pin 'led_b$tr_io' constrained to Bel 'X53/Y0/PIOB'.
Info: pin 'hdmi_d2$tr_io' constrained to Bel 'X0/Y5/PIOA'.
Info: pin 'hdmi_d1$tr_io' constrained to Bel 'X0/Y2/PIOA'.
Info: pin 'hdmi_d0$tr_io' constrained to Bel 'X0/Y8/PIOA'.
Info: pin 'hdmi_clk$tr_io' constrained to Bel 'X72/Y38/PIOA'.
Info: pin 'clk25$tr_io' constrained to Bel 'X0/Y47/PIOC'.
Info: IOLOGIC component vdp__instance.dvi__instance.serializer__instance.ddr_r__instance.ddr connected to PIO Bel X0/Y5/PIOA
Info: IOLOGIC component vdp__instance.dvi__instance.serializer__instance.ddr_g__instance.ddr connected to PIO Bel X0/Y2/PIOA
Info: IOLOGIC component vdp__instance.dvi__instance.serializer__instance.ddr_b__instance.ddr connected to PIO Bel X0/Y8/PIOA
Info: IOLOGIC component sram__instance.sram_we_n_out_TRELLIS_FF_Q connected to PIO Bel X0/Y2/PIOD
Info: IOLOGIC component sram__instance.sram_b_ub_n_out_TRELLIS_FF_Q connected to PIO Bel X0/Y35/PIOD
Info: IOLOGIC component sram__instance.sram_b_oe__instance.oe_n_TRELLIS_FF_Q connected to PIO Bel X0/Y32/PIOA
Info: IOLOGIC component sram__instance.sram_b_lb_n_out_TRELLIS_FF_Q connected to PIO Bel X0/Y35/PIOA
Info: IOLOGIC component sram__instance.sram_b_data_out_reg_TRELLIS_FF_Q_9 connected to PIO Bel X0/Y20/PIOC
Info: IOLOGIC component sram__instance.sram_b_data_out_reg_TRELLIS_FF_Q_8 connected to PIO Bel X0/Y29/PIOA
Info: IOLOGIC component sram__instance.sram_b_data_out_reg_TRELLIS_FF_Q_7 connected to PIO Bel X13/Y50/PIOA
Info: IOLOGIC component sram__instance.sram_b_data_out_reg_TRELLIS_FF_Q_6 connected to PIO Bel X6/Y50/PIOA
Info: IOLOGIC component sram__instance.sram_b_data_out_reg_TRELLIS_FF_Q_5 connected to PIO Bel X6/Y50/PIOB
Info: IOLOGIC component sram__instance.sram_b_data_out_reg_TRELLIS_FF_Q_4 connected to PIO Bel X4/Y50/PIOA
Info: IOLOGIC component sram__instance.sram_b_data_out_reg_TRELLIS_FF_Q_3 connected to PIO Bel X0/Y41/PIOD
Info: IOLOGIC component sram__instance.sram_b_data_out_reg_TRELLIS_FF_Q_2 connected to PIO Bel X0/Y41/PIOB
Info: IOLOGIC component sram__instance.sram_b_data_out_reg_TRELLIS_FF_Q_15 connected to PIO Bel X9/Y0/PIOB
Info: IOLOGIC component sram__instance.sram_b_data_out_reg_TRELLIS_FF_Q_14 connected to PIO Bel X0/Y2/PIOC
Info: IOLOGIC component sram__instance.sram_b_data_out_reg_TRELLIS_FF_Q_13 connected to PIO Bel X9/Y0/PIOA
Info: IOLOGIC component sram__instance.sram_b_data_out_reg_TRELLIS_FF_Q_12 connected to PIO Bel X0/Y5/PIOC
Info: IOLOGIC component sram__instance.sram_b_data_out_reg_TRELLIS_FF_Q_11 connected to PIO Bel X0/Y14/PIOD
Info: IOLOGIC component sram__instance.sram_b_data_out_reg_TRELLIS_FF_Q_10 connected to PIO Bel X0/Y17/PIOC
Info: IOLOGIC component sram__instance.sram_b_data_out_reg_TRELLIS_FF_Q_1 connected to PIO Bel X0/Y38/PIOD
Info: IOLOGIC component sram__instance.sram_b_data_out_reg_TRELLIS_FF_Q connected to PIO Bel X0/Y38/PIOC
Info: IOLOGIC component sram__instance.sram_b_ce__instance.ce_n_TRELLIS_FF_Q connected to PIO Bel X11/Y0/PIOA
Info: IOLOGIC component sram__instance.sram_address_out_TRELLIS_FF_Q_9 connected to PIO Bel X0/Y23/PIOC
Info: IOLOGIC component sram__instance.sram_address_out_TRELLIS_FF_Q_8 connected to PIO Bel X0/Y23/PIOD
Info: IOLOGIC component sram__instance.sram_address_out_TRELLIS_FF_Q_7 connected to PIO Bel X0/Y14/PIOB
Info: IOLOGIC component sram__instance.sram_address_out_TRELLIS_FF_Q_6 connected to PIO Bel X0/Y20/PIOA
Info: IOLOGIC component sram__instance.sram_address_out_TRELLIS_FF_Q_5 connected to PIO Bel X0/Y11/PIOC
Info: IOLOGIC component sram__instance.sram_address_out_TRELLIS_FF_Q_4 connected to PIO Bel X0/Y14/PIOA
Info: IOLOGIC component sram__instance.sram_address_out_TRELLIS_FF_Q_3 connected to PIO Bel X0/Y11/PIOD
Info: IOLOGIC component sram__instance.sram_address_out_TRELLIS_FF_Q_2 connected to PIO Bel X0/Y26/PIOD
Info: IOLOGIC component sram__instance.sram_address_out_TRELLIS_FF_Q_17 connected to PIO Bel X72/Y41/PIOA
Info: IOLOGIC component sram__instance.sram_address_out_TRELLIS_FF_Q_16 connected to PIO Bel X72/Y44/PIOD
Info: IOLOGIC component sram__instance.sram_address_out_TRELLIS_FF_Q_15 connected to PIO Bel X72/Y47/PIOD
Info: IOLOGIC component sram__instance.sram_address_out_TRELLIS_FF_Q_14 connected to PIO Bel X72/Y47/PIOC
Info: IOLOGIC component sram__instance.sram_address_out_TRELLIS_FF_Q_13 connected to PIO Bel X0/Y26/PIOA
Info: IOLOGIC component sram__instance.sram_address_out_TRELLIS_FF_Q_12 connected to PIO Bel X0/Y20/PIOB
Info: IOLOGIC component sram__instance.sram_address_out_TRELLIS_FF_Q_11 connected to PIO Bel X0/Y23/PIOA
Info: IOLOGIC component sram__instance.sram_address_out_TRELLIS_FF_Q_10 connected to PIO Bel X0/Y23/PIOB
Info: IOLOGIC component sram__instance.sram_address_out_TRELLIS_FF_Q_1 connected to PIO Bel X0/Y26/PIOC
Info: IOLOGIC component sram__instance.sram_address_out_TRELLIS_FF_Q connected to PIO Bel X0/Y26/PIOB
Info: IOLOGIC component sram__instance.sram_a_ub_n_out_TRELLIS_FF_Q connected to PIO Bel X35/Y0/PIOB
Info: IOLOGIC component sram__instance.sram_a_oe__instance.oe_n_TRELLIS_FF_Q connected to PIO Bel X29/Y0/PIOB
Info: IOLOGIC component sram__instance.sram_a_lb_n_out_TRELLIS_FF_Q connected to PIO Bel X29/Y0/PIOA
Info: IOLOGIC component sram__instance.sram_a_data_out_reg_TRELLIS_FF_Q_9 connected to PIO Bel X72/Y11/PIOB
Info: IOLOGIC component sram__instance.sram_a_data_out_reg_TRELLIS_FF_Q_8 connected to PIO Bel X72/Y5/PIOD
Info: IOLOGIC component sram__instance.sram_a_data_out_reg_TRELLIS_FF_Q_7 connected to PIO Bel X4/Y0/PIOA
Info: IOLOGIC component sram__instance.sram_a_data_out_reg_TRELLIS_FF_Q_6 connected to PIO Bel X4/Y0/PIOB
Info: IOLOGIC component sram__instance.sram_a_data_out_reg_TRELLIS_FF_Q_5 connected to PIO Bel X6/Y0/PIOA
Info: IOLOGIC component sram__instance.sram_a_data_out_reg_TRELLIS_FF_Q_4 connected to PIO Bel X11/Y0/PIOB
Info: IOLOGIC component sram__instance.sram_a_data_out_reg_TRELLIS_FF_Q_3 connected to PIO Bel X18/Y0/PIOA
Info: IOLOGIC component sram__instance.sram_a_data_out_reg_TRELLIS_FF_Q_2 connected to PIO Bel X22/Y0/PIOB
Info: IOLOGIC component sram__instance.sram_a_data_out_reg_TRELLIS_FF_Q_15 connected to PIO Bel X72/Y35/PIOC
Info: IOLOGIC component sram__instance.sram_a_data_out_reg_TRELLIS_FF_Q_14 connected to PIO Bel X72/Y32/PIOC
Info: IOLOGIC component sram__instance.sram_a_data_out_reg_TRELLIS_FF_Q_13 connected to PIO Bel X72/Y29/PIOC
Info: IOLOGIC component sram__instance.sram_a_data_out_reg_TRELLIS_FF_Q_12 connected to PIO Bel X72/Y20/PIOD
Info: IOLOGIC component sram__instance.sram_a_data_out_reg_TRELLIS_FF_Q_11 connected to PIO Bel X72/Y17/PIOB
Info: IOLOGIC component sram__instance.sram_a_data_out_reg_TRELLIS_FF_Q_10 connected to PIO Bel X72/Y14/PIOC
Info: IOLOGIC component sram__instance.sram_a_data_out_reg_TRELLIS_FF_Q_1 connected to PIO Bel X18/Y0/PIOB
Info: IOLOGIC component sram__instance.sram_a_data_out_reg_TRELLIS_FF_Q connected to PIO Bel X27/Y0/PIOB
Info: IOLOGIC component sram__instance.sram_a_ce__instance.ce_n_TRELLIS_FF_Q connected to PIO Bel X72/Y44/PIOC
Info: IOLOGIC component led__instance.r_out_TRELLIS_FF_Q connected to PIO Bel X49/Y0/PIOA
Info: IOLOGIC component led__instance.g_out_TRELLIS_FF_Q connected to PIO Bel X53/Y0/PIOA
Info: IOLOGIC component led__instance.b_out_TRELLIS_FF_Q connected to PIO Bel X53/Y0/PIOB
Info: Packing constants..
Info: Packing carries...
Info: Packing LUTs...
Info: Packing LUT5-7s...
Info: Packing FFs...
Info:     606 FFs paired with LUTs.
Info: Generating derived timing constraints...
Info:     Input frequency of PLL 'pll__instance.pll0' is constrained to 25.0 MHz
Info:     Derived frequency constraint of 200.0 MHz for net clk200
Info:     Derived frequency constraint of 80.0 MHz for net clk80
Info:     Derived frequency constraint of 40.0 MHz for net hdmi_clk$TRELLIS_IO_OUT
Info: Promoting globals...
Info:     promoting clock net hdmi_clk$TRELLIS_IO_OUT to global network
Info:     promoting clock net clk80 to global network
Info:     promoting clock net clk200 to global network
Info: Checksum: 0xab3b7e7b

Info: Annotating ports with timing budgets for target frequency 40.00 MHz
Info: Checksum: 0xc1f8cff5

Info: Device utilisation:
Info: 	          TRELLIS_IO:    70/  197    35%
Info: 	                DCCA:     3/   56     5%
Info: 	              DP16KD:    38/   56    67%
Info: 	          MULT18X18D:     4/   28    14%
Info: 	              ALU54B:     0/   14     0%
Info: 	             EHXPLLL:     1/    2    50%
Info: 	             EXTREFB:     0/    1     0%
Info: 	                DCUA:     0/    1     0%
Info: 	           PCSCLKDIV:     0/    2     0%
Info: 	             IOLOGIC:    44/  128    34%
Info: 	            SIOLOGIC:    21/   69    30%
Info: 	                 GSR:     0/    1     0%
Info: 	               JTAGG:     0/    1     0%
Info: 	                OSCG:     0/    1     0%
Info: 	               SEDGA:     0/    1     0%
Info: 	                 DTR:     0/    1     0%
Info: 	             USRMCLK:     0/    1     0%
Info: 	             CLKDIVF:     0/    4     0%
Info: 	           ECLKSYNCB:     0/   10     0%
Info: 	             DLLDELD:     0/    8     0%
Info: 	              DDRDLL:     0/    4     0%
Info: 	             DQSBUFM:     0/    8     0%
Info: 	     TRELLIS_ECLKBUF:     0/    8     0%
Info: 	        ECLKBRIDGECS:     0/    2     0%
Info: 	                DCSC:     0/    2     0%
Info: 	          TRELLIS_FF:   989/24288     4%
Info: 	        TRELLIS_COMB:  5010/24288    20%
Info: 	        TRELLIS_RAMW:    48/ 3036     1%

Info: Placed 136 cells based on constraints.
Info: Creating initial analytic placement for 2802 cells, random placement wirelen = 188779.
Info:     at initial placer iter 0, wirelen = 6933
Info:     at initial placer iter 1, wirelen = 6013
Info:     at initial placer iter 2, wirelen = 6146
Info:     at initial placer iter 3, wirelen = 5802
Info: Running main analytical placer.
Info:     at iteration #1, type ALL: wirelen solved = 5822, spread = 56688, legal = 56963; time = 0.12s
Info:     at iteration #2, type ALL: wirelen solved = 8729, spread = 46507, legal = 49236; time = 0.12s
Info:     at iteration #3, type ALL: wirelen solved = 10087, spread = 43549, legal = 46434; time = 0.12s
Info:     at iteration #4, type ALL: wirelen solved = 11203, spread = 42227, legal = 43933; time = 0.11s
Info:     at iteration #5, type ALL: wirelen solved = 12848, spread = 38214, legal = 39856; time = 0.10s
Info:     at iteration #6, type ALL: wirelen solved = 13689, spread = 37921, legal = 39224; time = 0.10s
Info:     at iteration #7, type ALL: wirelen solved = 14547, spread = 37096, legal = 38676; time = 0.10s
Info:     at iteration #8, type ALL: wirelen solved = 15369, spread = 37095, legal = 39541; time = 0.10s
Info:     at iteration #9, type ALL: wirelen solved = 16335, spread = 35997, legal = 38662; time = 0.09s
Info:     at iteration #10, type ALL: wirelen solved = 16631, spread = 35111, legal = 36832; time = 0.10s
Info:     at iteration #11, type ALL: wirelen solved = 16616, spread = 34943, legal = 36779; time = 0.10s
Info:     at iteration #12, type ALL: wirelen solved = 17479, spread = 34628, legal = 36645; time = 0.10s
Info:     at iteration #13, type ALL: wirelen solved = 17890, spread = 34910, legal = 36784; time = 0.10s
Info:     at iteration #14, type ALL: wirelen solved = 17979, spread = 34285, legal = 35969; time = 0.10s
Info:     at iteration #15, type ALL: wirelen solved = 18228, spread = 33702, legal = 35839; time = 0.10s
Info:     at iteration #16, type ALL: wirelen solved = 18330, spread = 34156, legal = 35504; time = 0.10s
Info:     at iteration #17, type ALL: wirelen solved = 19022, spread = 33649, legal = 36246; time = 0.09s
Info:     at iteration #18, type ALL: wirelen solved = 19150, spread = 34179, legal = 35548; time = 0.10s
Info:     at iteration #19, type ALL: wirelen solved = 19565, spread = 33484, legal = 36507; time = 0.10s
Info:     at iteration #20, type ALL: wirelen solved = 19598, spread = 33837, legal = 36130; time = 0.10s
Info:     at iteration #21, type ALL: wirelen solved = 20079, spread = 34128, legal = 35686; time = 0.10s
Info: HeAP Placer Time: 3.41s
Info:   of which solving equations: 1.83s
Info:   of which spreading cells: 0.31s
Info:   of which strict legalisation: 0.24s

Info: Running simulated annealing placer for refinement.
Info:   at iteration #1: temp = 0.000000, timing cost = 2460, wirelen = 35504
Info:   at iteration #5: temp = 0.000000, timing cost = 1255, wirelen = 30367
Info:   at iteration #10: temp = 0.000000, timing cost = 1153, wirelen = 28925
Info:   at iteration #15: temp = 0.000000, timing cost = 1214, wirelen = 28149
Info:   at iteration #17: temp = 0.000000, timing cost = 1124, wirelen = 28029 
Info: SA placement time 7.85s

Info: Max frequency for clock '$glbnet$hdmi_clk$TRELLIS_IO_OUT': 42.33 MHz (PASS at 40.00 MHz)
Info: Max frequency for clock                   '$glbnet$clk80': 118.75 MHz (PASS at 80.00 MHz)
Info: Max frequency for clock                  '$glbnet$clk200': 266.45 MHz (PASS at 200.00 MHz)

Info: Max delay <async>                                 -> posedge $glbnet$hdmi_clk$TRELLIS_IO_OUT: 6.36 ns
Info: Max delay posedge $glbnet$hdmi_clk$TRELLIS_IO_OUT -> <async>                                : 12.28 ns
Info: Max delay posedge $glbnet$hdmi_clk$TRELLIS_IO_OUT -> posedge $glbnet$clk200                 : 3.59 ns
Info: Max delay posedge $glbnet$hdmi_clk$TRELLIS_IO_OUT -> posedge $glbnet$clk80                  : 14.18 ns

Info: Slack histogram:
Info:  legend: * represents 9 endpoint(s)
Info:          + represents [1,9) endpoint(s)
Info: [ -1683,   -386) |+
Info: [  -386,    911) |+
Info: [   911,   2208) |*+
Info: [  2208,   3505) |***+
Info: [  3505,   4802) |***+
Info: [  4802,   6099) |****+
Info: [  6099,   7396) |******************+
Info: [  7396,   8693) |*************************************************+
Info: [  8693,   9990) |************************************************************ 
Info: [  9990,  11287) |************+
Info: [ 11287,  12584) |*************************+
Info: [ 12584,  13881) |**************************+
Info: [ 13881,  15178) |*************************************+
Info: [ 15178,  16475) |**************************************+
Info: [ 16475,  17772) |***********************************+
Info: [ 17772,  19069) |*******************+
Info: [ 19069,  20366) |**************+
Info: [ 20366,  21663) |*******************+
Info: [ 21663,  22960) |**************************************+
Info: [ 22960,  24257) |**********************************************************+
Info: Checksum: 0x8cba6c27
Info: Routing globals...
Info:     routing clock net $glbnet$clk200 using global 0
Info:     routing clock net $glbnet$clk80 using global 1
Info:     routing clock net $glbnet$hdmi_clk$TRELLIS_IO_OUT using global 2

Info: Routing..
Info: Setting up routing queue.
Info: Routing 19212 arcs.
Info:            |   (re-)routed arcs  |   delta    | remaining|       time spent     |
Info:    IterCnt |  w/ripup   wo/ripup |  w/r  wo/r |      arcs| batch(sec) total(sec)|
Info:       1000 |      407        592 |  407   592 |     18748|       0.53       0.53|
Info:       2000 |      730       1269 |  323   677 |     18362|       0.36       0.90|
Info:       3000 |     1106       1893 |  376   624 |     18122|       0.26       1.15|
Info:       4000 |     1397       2602 |  291   709 |     17683|       0.20       1.35|
Info:       5000 |     1691       3308 |  294   706 |     17382|       0.21       1.56|
Info:       6000 |     1990       4009 |  299   701 |     17178|       0.30       1.86|
Info:       7000 |     2303       4696 |  313   687 |     16911|       0.29       2.15|
Info:       8000 |     2573       5426 |  270   730 |     16496|       0.24       2.39|
Info:       9000 |     2844       6155 |  271   729 |     16152|       0.22       2.61|
Info:      10000 |     3088       6911 |  244   756 |     15776|       0.21       2.82|
Info:      11000 |     3337       7662 |  249   751 |     15353|       0.22       3.04|
Info:      12000 |     3642       8357 |  305   695 |     14964|       0.25       3.30|
Info:      13000 |     3887       9112 |  245   755 |     14598|       0.32       3.62|
Info:      14000 |     4249       9750 |  362   638 |     14251|       0.27       3.88|
Info:      15000 |     4777      10222 |  528   472 |     14031|       0.28       4.16|
Info:      16000 |     5139      10860 |  362   638 |     13583|       0.25       4.41|
Info:      17000 |     5667      11332 |  528   472 |     13356|       0.22       4.62|
Info:      18000 |     6255      11744 |  588   412 |     13141|       0.26       4.88|
Info:      19000 |     6867      12132 |  612   388 |     13119|       0.29       5.17|
Info:      20000 |     7268      12731 |  401   599 |     13075|       0.32       5.49|
Info:      21000 |     7792      13207 |  524   476 |     12995|       0.39       5.88|
Info:      22000 |     8242      13757 |  450   550 |     12788|       0.35       6.23|
Info:      23000 |     8576      14423 |  334   666 |     12330|       0.23       6.45|
Info:      24000 |     9120      14879 |  544   456 |     12058|       0.24       6.69|
Info:      25000 |     9624      15375 |  504   496 |     11764|       0.26       6.95|
Info:      26000 |    10187      15812 |  563   437 |     11661|       0.26       7.20|
Info:      27000 |    10660      16339 |  473   527 |     11607|       0.45       7.66|
Info:      28000 |    11079      16920 |  419   581 |     11251|       0.33       7.98|
Info:      29000 |    11435      17564 |  356   644 |     10844|       0.19       8.17|
Info:      30000 |    11809      18151 |  374   587 |     10396|       0.18       8.36|
Info:      31000 |    12078      18865 |  269   714 |      9828|       0.18       8.53|
Info:      32000 |    12360      19578 |  282   713 |      9173|       0.15       8.68|
Info:      33000 |    12643      20254 |  283   676 |      8641|       0.20       8.89|
Info:      34000 |    12934      20907 |  291   653 |      8055|       0.15       9.04|
Info:      35000 |    13129      21634 |  195   727 |      7343|       0.12       9.15|
Info:      36000 |    13321      22356 |  192   722 |      6574|       0.10       9.25|
Info:      37000 |    13559      23067 |  238   711 |      5938|       0.16       9.41|
Info:      38000 |    13864      23679 |  305   612 |      5393|       0.17       9.59|
Info:      39000 |    14104      24315 |  240   636 |      4709|       0.12       9.71|
Info:      40000 |    14389      24936 |  285   621 |      4081|       0.15       9.86|
Info:      41000 |    14672      25608 |  283   672 |      3453|       0.16      10.02|
Info:      42000 |    14912      26351 |  240   743 |      2721|       0.13      10.16|
Info:      43000 |    15087      27039 |  175   688 |      2035|       0.14      10.30|
Info:      44000 |    15250      27846 |  163   807 |      1285|       0.15      10.44|
Info:      45000 |    15495      28363 |  245   517 |       722|       0.20      10.64|
Info:      46000 |    15650      28853 |  155   490 |         9|       0.29      10.93|
Info:      46008 |    15650      28855 |    0     2 |         0|       0.03      10.96|
Info: Routing complete.
Info: Router1 time 10.96s
Info: Checksum: 0x42d34917

Info: Critical path report for clock '$glbnet$hdmi_clk$TRELLIS_IO_OUT' (posedge -> posedge):
Info: curr total
Info:  0.5  0.5  Source cpu__instance.rhs_TRELLIS_FF_Q_30.Q
Info:  1.6  2.1    Net cpu[152] budget 0.466000 ns (30,16) -> (26,13)
Info:                Sink cpu__instance.alu__instance.mult__instance.mult_hl__instance.dsp_mult_0.B3
Info:                Defined in:
Info:                  ./obj/art32.sv:3520.10-3538.2
Info:                  ./obj/art32.sv:1219.27-1219.38
Info:                  ./obj/art32.sv:3324.15-3336.2
Info:  3.9  6.0  Source cpu__instance.alu__instance.mult__instance.mult_hl__instance.dsp_mult_0.P4
Info:  1.6  7.6    Net cpu__instance.alu__instance.mult__instance.mult_hl[0] budget 0.466000 ns (26,13) -> (22,14)
Info:                Sink cpu__instance.alu__instance.mult__instance.mult_hl__instance.mult16_mult_direct_out_1_4_LUT4_C.C
Info:                Defined in:
Info:                  ./obj/art32.sv:3450.5-3471.2
Info:                  ./obj/art32.sv:2586.8-2591.2
Info:                  ./obj/art32.sv:2453.17-2453.24
Info:                  ./obj/art32.sv:2786.9-2794.2
Info:  0.2  7.9  Source cpu__instance.alu__instance.mult__instance.mult_hl__instance.mult16_mult_direct_out_1_4_LUT4_C.F
Info:  1.3  9.2    Net cpu__instance.alu__instance.mult__instance.mult_hl__instance.mult16_mult_direct_out_1_4_LUT4_C_Z[16] budget 0.466000 ns (22,14) -> (24,15)
Info:                Sink cpu__instance.alu__instance.mult_result_CCU2C_S0_27$CCU2_COMB0.A
Info:                Defined in:
Info:                  /home/mathis/oss-cad-suite/lib/../share/yosys/techmap.v:200.24-200.25
Info:  0.4  9.7  Source cpu__instance.alu__instance.mult_result_CCU2C_S0_27$CCU2_COMB0.FCO
Info:  0.0  9.7    Net cpu__instance.alu__instance.mult_result_CCU2C_S0_27$CCU2_FCI_INT budget 0.000000 ns (24,15) -> (24,15)
Info:                Sink cpu__instance.alu__instance.mult_result_CCU2C_S0_27$CCU2_COMB1.FCI
Info:  0.0  9.7  Source cpu__instance.alu__instance.mult_result_CCU2C_S0_27$CCU2_COMB1.FCO
Info:  0.0  9.7    Net cpu__instance.alu__instance.mult_result_CCU2C_S0_2_COUT[17] budget 0.000000 ns (24,15) -> (24,15)
Info:                Sink cpu__instance.alu__instance.mult_result_CCU2C_S0_26$CCU2_COMB0.FCI
Info:                Defined in:
Info:                  /home/mathis/oss-cad-suite/lib/../share/yosys/ecp5/arith_map.v:63.22-63.23
Info:  0.1  9.7  Source cpu__instance.alu__instance.mult_result_CCU2C_S0_26$CCU2_COMB0.FCO
Info:  0.0  9.7    Net cpu__instance.alu__instance.mult_result_CCU2C_S0_26$CCU2_FCI_INT budget 0.000000 ns (24,15) -> (24,15)
Info:                Sink cpu__instance.alu__instance.mult_result_CCU2C_S0_26$CCU2_COMB1.FCI
Info:  0.0  9.7  Source cpu__instance.alu__instance.mult_result_CCU2C_S0_26$CCU2_COMB1.FCO
Info:  0.0  9.7    Net cpu__instance.alu__instance.mult_result_CCU2C_S0_2_COUT[19] budget 0.000000 ns (24,15) -> (24,15)
Info:                Sink cpu__instance.alu__instance.mult_result_CCU2C_S0_25$CCU2_COMB0.FCI
Info:                Defined in:
Info:                  /home/mathis/oss-cad-suite/lib/../share/yosys/ecp5/arith_map.v:63.22-63.23
Info:  0.1  9.8  Source cpu__instance.alu__instance.mult_result_CCU2C_S0_25$CCU2_COMB0.FCO
Info:  0.0  9.8    Net cpu__instance.alu__instance.mult_result_CCU2C_S0_25$CCU2_FCI_INT budget 0.000000 ns (24,15) -> (24,15)
Info:                Sink cpu__instance.alu__instance.mult_result_CCU2C_S0_25$CCU2_COMB1.FCI
Info:  0.0  9.8  Source cpu__instance.alu__instance.mult_result_CCU2C_S0_25$CCU2_COMB1.FCO
Info:  0.0  9.8    Net cpu__instance.alu__instance.mult_result_CCU2C_S0_2_COUT[21] budget 0.000000 ns (24,15) -> (25,15)
Info:                Sink cpu__instance.alu__instance.mult_result_CCU2C_S0_24$CCU2_COMB0.FCI
Info:                Defined in:
Info:                  /home/mathis/oss-cad-suite/lib/../share/yosys/ecp5/arith_map.v:63.22-63.23
Info:  0.1  9.9  Source cpu__instance.alu__instance.mult_result_CCU2C_S0_24$CCU2_COMB0.FCO
Info:  0.0  9.9    Net cpu__instance.alu__instance.mult_result_CCU2C_S0_24$CCU2_FCI_INT budget 0.000000 ns (25,15) -> (25,15)
Info:                Sink cpu__instance.alu__instance.mult_result_CCU2C_S0_24$CCU2_COMB1.FCI
Info:  0.0  9.9  Source cpu__instance.alu__instance.mult_result_CCU2C_S0_24$CCU2_COMB1.FCO
Info:  0.0  9.9    Net cpu__instance.alu__instance.mult_result_CCU2C_S0_2_COUT[23] budget 0.000000 ns (25,15) -> (25,15)
Info:                Sink cpu__instance.alu__instance.mult_result_CCU2C_S0_23$CCU2_COMB0.FCI
Info:                Defined in:
Info:                  /home/mathis/oss-cad-suite/lib/../share/yosys/ecp5/arith_map.v:63.22-63.23
Info:  0.1  9.9  Source cpu__instance.alu__instance.mult_result_CCU2C_S0_23$CCU2_COMB0.FCO
Info:  0.0  9.9    Net cpu__instance.alu__instance.mult_result_CCU2C_S0_23$CCU2_FCI_INT budget 0.000000 ns (25,15) -> (25,15)
Info:                Sink cpu__instance.alu__instance.mult_result_CCU2C_S0_23$CCU2_COMB1.FCI
Info:  0.0  9.9  Source cpu__instance.alu__instance.mult_result_CCU2C_S0_23$CCU2_COMB1.FCO
Info:  0.0  9.9    Net cpu__instance.alu__instance.mult_result_CCU2C_S0_2_COUT[25] budget 0.000000 ns (25,15) -> (25,15)
Info:                Sink cpu__instance.alu__instance.mult_result_CCU2C_S0_22$CCU2_COMB0.FCI
Info:                Defined in:
Info:                  /home/mathis/oss-cad-suite/lib/../share/yosys/ecp5/arith_map.v:63.22-63.23
Info:  0.1 10.0  Source cpu__instance.alu__instance.mult_result_CCU2C_S0_22$CCU2_COMB0.FCO
Info:  0.0 10.0    Net cpu__instance.alu__instance.mult_result_CCU2C_S0_22$CCU2_FCI_INT budget 0.000000 ns (25,15) -> (25,15)
Info:                Sink cpu__instance.alu__instance.mult_result_CCU2C_S0_22$CCU2_COMB1.FCI
Info:  0.0 10.0  Source cpu__instance.alu__instance.mult_result_CCU2C_S0_22$CCU2_COMB1.FCO
Info:  0.0 10.0    Net cpu__instance.alu__instance.mult_result_CCU2C_S0_2_COUT[27] budget 0.000000 ns (25,15) -> (25,15)
Info:                Sink cpu__instance.alu__instance.mult_result_CCU2C_S0_21$CCU2_COMB0.FCI
Info:                Defined in:
Info:                  /home/mathis/oss-cad-suite/lib/../share/yosys/ecp5/arith_map.v:63.22-63.23
Info:  0.1 10.1  Source cpu__instance.alu__instance.mult_result_CCU2C_S0_21$CCU2_COMB0.FCO
Info:  0.0 10.1    Net cpu__instance.alu__instance.mult_result_CCU2C_S0_21$CCU2_FCI_INT budget 0.000000 ns (25,15) -> (25,15)
Info:                Sink cpu__instance.alu__instance.mult_result_CCU2C_S0_21$CCU2_COMB1.FCI
Info:  0.0 10.1  Source cpu__instance.alu__instance.mult_result_CCU2C_S0_21$CCU2_COMB1.FCO
Info:  0.0 10.1    Net cpu__instance.alu__instance.mult_result_CCU2C_S0_2_COUT[29] budget 0.000000 ns (25,15) -> (26,15)
Info:                Sink cpu__instance.alu__instance.mult_result_CCU2C_S0_19$CCU2_COMB0.FCI
Info:                Defined in:
Info:                  /home/mathis/oss-cad-suite/lib/../share/yosys/ecp5/arith_map.v:63.22-63.23
Info:  0.1 10.1  Source cpu__instance.alu__instance.mult_result_CCU2C_S0_19$CCU2_COMB0.FCO
Info:  0.0 10.1    Net cpu__instance.alu__instance.mult_result_CCU2C_S0_19$CCU2_FCI_INT budget 0.000000 ns (26,15) -> (26,15)
Info:                Sink cpu__instance.alu__instance.mult_result_CCU2C_S0_19$CCU2_COMB1.FCI
Info:  0.0 10.1  Source cpu__instance.alu__instance.mult_result_CCU2C_S0_19$CCU2_COMB1.FCO
Info:  0.0 10.1    Net cpu__instance.alu__instance.mult_result_CCU2C_S0_2_COUT[31] budget 0.000000 ns (26,15) -> (26,15)
Info:                Sink cpu__instance.alu__instance.mult_result_CCU2C_S0_18$CCU2_COMB0.FCI
Info:                Defined in:
Info:                  /home/mathis/oss-cad-suite/lib/../share/yosys/ecp5/arith_map.v:63.22-63.23
Info:  0.1 10.2  Source cpu__instance.alu__instance.mult_result_CCU2C_S0_18$CCU2_COMB0.FCO
Info:  0.0 10.2    Net cpu__instance.alu__instance.mult_result_CCU2C_S0_18$CCU2_FCI_INT budget 0.000000 ns (26,15) -> (26,15)
Info:                Sink cpu__instance.alu__instance.mult_result_CCU2C_S0_18$CCU2_COMB1.FCI
Info:  0.0 10.2  Source cpu__instance.alu__instance.mult_result_CCU2C_S0_18$CCU2_COMB1.FCO
Info:  0.0 10.2    Net cpu__instance.alu__instance.mult_result_CCU2C_S0_2_COUT[33] budget 0.000000 ns (26,15) -> (26,15)
Info:                Sink cpu__instance.alu__instance.mult_result_CCU2C_S0_17$CCU2_COMB0.FCI
Info:                Defined in:
Info:                  /home/mathis/oss-cad-suite/lib/../share/yosys/ecp5/arith_map.v:63.22-63.23
Info:  0.1 10.3  Source cpu__instance.alu__instance.mult_result_CCU2C_S0_17$CCU2_COMB0.FCO
Info:  0.0 10.3    Net cpu__instance.alu__instance.mult_result_CCU2C_S0_17$CCU2_FCI_INT budget 0.000000 ns (26,15) -> (26,15)
Info:                Sink cpu__instance.alu__instance.mult_result_CCU2C_S0_17$CCU2_COMB1.FCI
Info:  0.0 10.3  Source cpu__instance.alu__instance.mult_result_CCU2C_S0_17$CCU2_COMB1.FCO
Info:  0.0 10.3    Net cpu__instance.alu__instance.mult_result_CCU2C_S0_2_COUT[35] budget 0.000000 ns (26,15) -> (26,15)
Info:                Sink cpu__instance.alu__instance.mult_result_CCU2C_S0_16$CCU2_COMB0.FCI
Info:                Defined in:
Info:                  /home/mathis/oss-cad-suite/lib/../share/yosys/ecp5/arith_map.v:63.22-63.23
Info:  0.1 10.4  Source cpu__instance.alu__instance.mult_result_CCU2C_S0_16$CCU2_COMB0.FCO
Info:  0.0 10.4    Net cpu__instance.alu__instance.mult_result_CCU2C_S0_16$CCU2_FCI_INT budget 0.000000 ns (26,15) -> (26,15)
Info:                Sink cpu__instance.alu__instance.mult_result_CCU2C_S0_16$CCU2_COMB1.FCI
Info:  0.0 10.4  Source cpu__instance.alu__instance.mult_result_CCU2C_S0_16$CCU2_COMB1.FCO
Info:  0.0 10.4    Net cpu__instance.alu__instance.mult_result_CCU2C_S0_2_COUT[37] budget 0.000000 ns (26,15) -> (27,15)
Info:                Sink cpu__instance.alu__instance.mult_result_CCU2C_S0_15$CCU2_COMB0.FCI
Info:                Defined in:
Info:                  /home/mathis/oss-cad-suite/lib/../share/yosys/ecp5/arith_map.v:63.22-63.23
Info:  0.1 10.4  Source cpu__instance.alu__instance.mult_result_CCU2C_S0_15$CCU2_COMB0.FCO
Info:  0.0 10.4    Net cpu__instance.alu__instance.mult_result_CCU2C_S0_15$CCU2_FCI_INT budget 0.000000 ns (27,15) -> (27,15)
Info:                Sink cpu__instance.alu__instance.mult_result_CCU2C_S0_15$CCU2_COMB1.FCI
Info:  0.0 10.4  Source cpu__instance.alu__instance.mult_result_CCU2C_S0_15$CCU2_COMB1.FCO
Info:  0.0 10.4    Net cpu__instance.alu__instance.mult_result_CCU2C_S0_2_COUT[39] budget 0.000000 ns (27,15) -> (27,15)
Info:                Sink cpu__instance.alu__instance.mult_result_CCU2C_S0_14$CCU2_COMB0.FCI
Info:                Defined in:
Info:                  /home/mathis/oss-cad-suite/lib/../share/yosys/ecp5/arith_map.v:63.22-63.23
Info:  0.1 10.5  Source cpu__instance.alu__instance.mult_result_CCU2C_S0_14$CCU2_COMB0.FCO
Info:  0.0 10.5    Net cpu__instance.alu__instance.mult_result_CCU2C_S0_14$CCU2_FCI_INT budget 0.000000 ns (27,15) -> (27,15)
Info:                Sink cpu__instance.alu__instance.mult_result_CCU2C_S0_14$CCU2_COMB1.FCI
Info:  0.0 10.5  Source cpu__instance.alu__instance.mult_result_CCU2C_S0_14$CCU2_COMB1.FCO
Info:  0.0 10.5    Net cpu__instance.alu__instance.mult_result_CCU2C_S0_2_COUT[41] budget 0.000000 ns (27,15) -> (27,15)
Info:                Sink cpu__instance.alu__instance.mult_result_CCU2C_S0_13$CCU2_COMB0.FCI
Info:                Defined in:
Info:                  /home/mathis/oss-cad-suite/lib/../share/yosys/ecp5/arith_map.v:63.22-63.23
Info:  0.1 10.6  Source cpu__instance.alu__instance.mult_result_CCU2C_S0_13$CCU2_COMB0.FCO
Info:  0.0 10.6    Net cpu__instance.alu__instance.mult_result_CCU2C_S0_13$CCU2_FCI_INT budget 0.000000 ns (27,15) -> (27,15)
Info:                Sink cpu__instance.alu__instance.mult_result_CCU2C_S0_13$CCU2_COMB1.FCI
Info:  0.0 10.6  Source cpu__instance.alu__instance.mult_result_CCU2C_S0_13$CCU2_COMB1.FCO
Info:  0.0 10.6    Net cpu__instance.alu__instance.mult_result_CCU2C_S0_2_COUT[43] budget 0.000000 ns (27,15) -> (27,15)
Info:                Sink cpu__instance.alu__instance.mult_result_CCU2C_S0_12$CCU2_COMB0.FCI
Info:                Defined in:
Info:                  /home/mathis/oss-cad-suite/lib/../share/yosys/ecp5/arith_map.v:63.22-63.23
Info:  0.1 10.6  Source cpu__instance.alu__instance.mult_result_CCU2C_S0_12$CCU2_COMB0.FCO
Info:  0.0 10.6    Net cpu__instance.alu__instance.mult_result_CCU2C_S0_12$CCU2_FCI_INT budget 0.000000 ns (27,15) -> (27,15)
Info:                Sink cpu__instance.alu__instance.mult_result_CCU2C_S0_12$CCU2_COMB1.FCI
Info:  0.0 10.6  Source cpu__instance.alu__instance.mult_result_CCU2C_S0_12$CCU2_COMB1.FCO
Info:  0.0 10.6    Net cpu__instance.alu__instance.mult_result_CCU2C_S0_2_COUT[45] budget 0.000000 ns (27,15) -> (28,15)
Info:                Sink cpu__instance.alu__instance.mult_result_CCU2C_S0_11$CCU2_COMB0.FCI
Info:                Defined in:
Info:                  /home/mathis/oss-cad-suite/lib/../share/yosys/ecp5/arith_map.v:63.22-63.23
Info:  0.1 10.7  Source cpu__instance.alu__instance.mult_result_CCU2C_S0_11$CCU2_COMB0.FCO
Info:  0.0 10.7    Net cpu__instance.alu__instance.mult_result_CCU2C_S0_11$CCU2_FCI_INT budget 0.000000 ns (28,15) -> (28,15)
Info:                Sink cpu__instance.alu__instance.mult_result_CCU2C_S0_11$CCU2_COMB1.FCI
Info:  0.0 10.7  Source cpu__instance.alu__instance.mult_result_CCU2C_S0_11$CCU2_COMB1.FCO
Info:  0.0 10.7    Net cpu__instance.alu__instance.mult_result_CCU2C_S0_2_COUT[47] budget 0.000000 ns (28,15) -> (28,15)
Info:                Sink cpu__instance.alu__instance.mult_result_CCU2C_S0_10$CCU2_COMB0.FCI
Info:                Defined in:
Info:                  /home/mathis/oss-cad-suite/lib/../share/yosys/ecp5/arith_map.v:63.22-63.23
Info:  0.1 10.8  Source cpu__instance.alu__instance.mult_result_CCU2C_S0_10$CCU2_COMB0.FCO
Info:  0.0 10.8    Net cpu__instance.alu__instance.mult_result_CCU2C_S0_10$CCU2_FCI_INT budget 0.000000 ns (28,15) -> (28,15)
Info:                Sink cpu__instance.alu__instance.mult_result_CCU2C_S0_10$CCU2_COMB1.FCI
Info:  0.0 10.8  Source cpu__instance.alu__instance.mult_result_CCU2C_S0_10$CCU2_COMB1.FCO
Info:  0.0 10.8    Net cpu__instance.alu__instance.mult_result_CCU2C_S0_2_COUT[49] budget 0.000000 ns (28,15) -> (28,15)
Info:                Sink cpu__instance.alu__instance.mult_result_CCU2C_S0_8$CCU2_COMB0.FCI
Info:                Defined in:
Info:                  /home/mathis/oss-cad-suite/lib/../share/yosys/ecp5/arith_map.v:63.22-63.23
Info:  0.1 10.9  Source cpu__instance.alu__instance.mult_result_CCU2C_S0_8$CCU2_COMB0.FCO
Info:  0.0 10.9    Net cpu__instance.alu__instance.mult_result_CCU2C_S0_8$CCU2_FCI_INT budget 0.000000 ns (28,15) -> (28,15)
Info:                Sink cpu__instance.alu__instance.mult_result_CCU2C_S0_8$CCU2_COMB1.FCI
Info:  0.0 10.9  Source cpu__instance.alu__instance.mult_result_CCU2C_S0_8$CCU2_COMB1.FCO
Info:  0.0 10.9    Net cpu__instance.alu__instance.mult_result_CCU2C_S0_2_COUT[51] budget 0.000000 ns (28,15) -> (28,15)
Info:                Sink cpu__instance.alu__instance.mult_result_CCU2C_S0_7$CCU2_COMB0.FCI
Info:                Defined in:
Info:                  /home/mathis/oss-cad-suite/lib/../share/yosys/ecp5/arith_map.v:63.22-63.23
Info:  0.1 10.9  Source cpu__instance.alu__instance.mult_result_CCU2C_S0_7$CCU2_COMB0.FCO
Info:  0.0 10.9    Net cpu__instance.alu__instance.mult_result_CCU2C_S0_7$CCU2_FCI_INT budget 0.000000 ns (28,15) -> (28,15)
Info:                Sink cpu__instance.alu__instance.mult_result_CCU2C_S0_7$CCU2_COMB1.FCI
Info:  0.0 10.9  Source cpu__instance.alu__instance.mult_result_CCU2C_S0_7$CCU2_COMB1.FCO
Info:  0.0 10.9    Net cpu__instance.alu__instance.mult_result_CCU2C_S0_2_COUT[53] budget 0.000000 ns (28,15) -> (29,15)
Info:                Sink cpu__instance.alu__instance.mult_result_CCU2C_S0_6$CCU2_COMB0.FCI
Info:                Defined in:
Info:                  /home/mathis/oss-cad-suite/lib/../share/yosys/ecp5/arith_map.v:63.22-63.23
Info:  0.1 11.0  Source cpu__instance.alu__instance.mult_result_CCU2C_S0_6$CCU2_COMB0.FCO
Info:  0.0 11.0    Net cpu__instance.alu__instance.mult_result_CCU2C_S0_6$CCU2_FCI_INT budget 0.000000 ns (29,15) -> (29,15)
Info:                Sink cpu__instance.alu__instance.mult_result_CCU2C_S0_6$CCU2_COMB1.FCI
Info:  0.0 11.0  Source cpu__instance.alu__instance.mult_result_CCU2C_S0_6$CCU2_COMB1.FCO
Info:  0.0 11.0    Net cpu__instance.alu__instance.mult_result_CCU2C_S0_2_COUT[55] budget 0.000000 ns (29,15) -> (29,15)
Info:                Sink cpu__instance.alu__instance.mult_result_CCU2C_S0_5$CCU2_COMB0.FCI
Info:                Defined in:
Info:                  /home/mathis/oss-cad-suite/lib/../share/yosys/ecp5/arith_map.v:63.22-63.23
Info:  0.1 11.1  Source cpu__instance.alu__instance.mult_result_CCU2C_S0_5$CCU2_COMB0.FCO
Info:  0.0 11.1    Net cpu__instance.alu__instance.mult_result_CCU2C_S0_5$CCU2_FCI_INT budget 0.000000 ns (29,15) -> (29,15)
Info:                Sink cpu__instance.alu__instance.mult_result_CCU2C_S0_5$CCU2_COMB1.FCI
Info:  0.0 11.1  Source cpu__instance.alu__instance.mult_result_CCU2C_S0_5$CCU2_COMB1.FCO
Info:  0.0 11.1    Net cpu__instance.alu__instance.mult_result_CCU2C_S0_2_COUT[57] budget 0.000000 ns (29,15) -> (29,15)
Info:                Sink cpu__instance.alu__instance.mult_result_CCU2C_S0_4$CCU2_COMB0.FCI
Info:                Defined in:
Info:                  /home/mathis/oss-cad-suite/lib/../share/yosys/ecp5/arith_map.v:63.22-63.23
Info:  0.1 11.1  Source cpu__instance.alu__instance.mult_result_CCU2C_S0_4$CCU2_COMB0.FCO
Info:  0.0 11.1    Net cpu__instance.alu__instance.mult_result_CCU2C_S0_4$CCU2_FCI_INT budget 0.000000 ns (29,15) -> (29,15)
Info:                Sink cpu__instance.alu__instance.mult_result_CCU2C_S0_4$CCU2_COMB1.FCI
Info:  0.0 11.1  Source cpu__instance.alu__instance.mult_result_CCU2C_S0_4$CCU2_COMB1.FCO
Info:  0.0 11.1    Net cpu__instance.alu__instance.mult_result_CCU2C_S0_2_COUT[59] budget 0.000000 ns (29,15) -> (29,15)
Info:                Sink cpu__instance.alu__instance.mult_result_CCU2C_S0_3$CCU2_COMB0.FCI
Info:                Defined in:
Info:                  /home/mathis/oss-cad-suite/lib/../share/yosys/ecp5/arith_map.v:63.22-63.23
Info:  0.1 11.2  Source cpu__instance.alu__instance.mult_result_CCU2C_S0_3$CCU2_COMB0.FCO
Info:  0.0 11.2    Net cpu__instance.alu__instance.mult_result_CCU2C_S0_3$CCU2_FCI_INT budget 0.000000 ns (29,15) -> (29,15)
Info:                Sink cpu__instance.alu__instance.mult_result_CCU2C_S0_3$CCU2_COMB1.FCI
Info:  0.0 11.2  Source cpu__instance.alu__instance.mult_result_CCU2C_S0_3$CCU2_COMB1.FCO
Info:  0.0 11.2    Net cpu__instance.alu__instance.mult_result_CCU2C_S0_2_COUT[61] budget 0.000000 ns (29,15) -> (30,15)
Info:                Sink cpu__instance.alu__instance.mult_result_CCU2C_S0_2$CCU2_COMB0.FCI
Info:                Defined in:
Info:                  /home/mathis/oss-cad-suite/lib/../share/yosys/ecp5/arith_map.v:63.22-63.23
Info:  0.1 11.3  Source cpu__instance.alu__instance.mult_result_CCU2C_S0_2$CCU2_COMB0.FCO
Info:  0.0 11.3    Net cpu__instance.alu__instance.mult_result_CCU2C_S0_2$CCU2_FCI_INT budget 0.000000 ns (30,15) -> (30,15)
Info:                Sink cpu__instance.alu__instance.mult_result_CCU2C_S0_2$CCU2_COMB1.FCI
Info:  0.4 11.7  Source cpu__instance.alu__instance.mult_result_CCU2C_S0_2$CCU2_COMB1.F
Info:  0.8 12.5    Net cpu__instance.alu__instance.mult[65] budget 1.164000 ns (30,15) -> (38,15)
Info:                Sink cpu__instance.alu__instance.adder__instance.sign_PFUMX_C0_Z_LUT4_Z.D
Info:                Defined in:
Info:                  ./obj/art32.sv:3450.5-3471.2
Info:                  ./obj/art32.sv:2584.17-2584.28
Info:                  ./obj/art32.sv:2786.9-2794.2
Info:  0.2 12.7  Source cpu__instance.alu__instance.adder__instance.sign_PFUMX_C0_Z_LUT4_Z.F
Info:  0.4 13.1    Net cpu__instance.alu__instance.adder__instance.sign_PFUMX_C0_Z[4] budget 1.164000 ns (38,15) -> (38,15)
Info:                Sink cpu__instance.alu__instance.result_L6MUX21_Z_SD_PFUMX_Z_C0_L6MUX21_Z_D1_PFUMX_Z_BLUT_LUT4_Z.M
Info:                Defined in:
Info:                  /home/mathis/oss-cad-suite/lib/../share/yosys/ecp5/cells_map.v:108.23-108.24
Info:  0.3 13.4  Source cpu__instance.alu__instance.result_L6MUX21_Z_SD_PFUMX_Z_C0_L6MUX21_Z_D1_PFUMX_Z_BLUT_LUT4_Z.OFX
Info:  0.0 13.4    Net cpu__instance.alu__instance.result_L6MUX21_Z_SD_PFUMX_Z_C0_L6MUX21_Z_D1 budget 0.000000 ns (38,15) -> (38,15)
Info:                Sink cpu__instance.alu__instance.result_L6MUX21_Z_SD_PFUMX_Z_C0_L6MUX21_Z_D1_PFUMX_Z_ALUT_LUT4_Z.FXB
Info:                Defined in:
Info:                  /home/mathis/oss-cad-suite/lib/../share/yosys/ecp5/cells_map.v:141.38-141.40
Info:  0.2 13.6  Source cpu__instance.alu__instance.result_L6MUX21_Z_SD_PFUMX_Z_C0_L6MUX21_Z_D1_PFUMX_Z_ALUT_LUT4_Z.OFX
Info:  0.7 14.3    Net cpu__instance.alu__instance.result_L6MUX21_Z_SD_PFUMX_Z_C0[4] budget 2.328000 ns (38,15) -> (38,14)
Info:                Sink cpu__instance.alu__instance.result_L6MUX21_Z_SD_PFUMX_Z_BLUT_LUT4_Z.M
Info:                Defined in:
Info:                  /home/mathis/oss-cad-suite/lib/../share/yosys/ecp5/cells_map.v:108.23-108.24
Info:  0.3 14.5  Source cpu__instance.alu__instance.result_L6MUX21_Z_SD_PFUMX_Z_BLUT_LUT4_Z.OFX
Info:  1.5 16.0    Net cpu__instance.alu__instance.result_L6MUX21_Z_SD[5] budget 1.746000 ns (38,14) -> (28,12)
Info:                Sink cpu__instance.alu__instance.result_L6MUX21_Z_D1_PFUMX_Z_ALUT_LUT4_Z.M
Info:                Defined in:
Info:                  /home/mathis/oss-cad-suite/lib/../share/yosys/ecp5/cells_map.v:108.23-108.24
Info:  0.3 16.3  Source cpu__instance.alu__instance.result_L6MUX21_Z_D1_PFUMX_Z_ALUT_LUT4_Z.OFX
Info:  0.7 17.0    Net cpu__instance.alu[35] budget 1.819000 ns (28,12) -> (28,11)
Info:                Sink cpu__instance.load_flags_LUT4_D_B_LUT4_D_Z_LUT4_D_Z_L6MUX21_Z_D1_L6MUX21_Z_D1_PFUMX_Z_ALUT_LUT4_Z.M
Info:                Defined in:
Info:                  /home/mathis/oss-cad-suite/lib/../share/yosys/ecp5/cells_map.v:108.23-108.24
Info:  0.3 17.2  Source cpu__instance.load_flags_LUT4_D_B_LUT4_D_Z_LUT4_D_Z_L6MUX21_Z_D1_L6MUX21_Z_D1_PFUMX_Z_ALUT_LUT4_Z.OFX
Info:  0.0 17.2    Net cpu__instance.load_flags_LUT4_D_B_LUT4_D_Z_LUT4_D_Z_L6MUX21_Z_D1 budget 0.000000 ns (28,11) -> (28,11)
Info:                Sink cpu__instance.load_flags_LUT4_D_B_LUT4_D_Z_LUT4_D_Z_L6MUX21_Z_D1_L6MUX21_Z_D0_PFUMX_Z_ALUT_LUT4_Z.FXB
Info:                Defined in:
Info:                  /home/mathis/oss-cad-suite/lib/../share/yosys/ecp5/cells_map.v:157.70-157.72
Info:  0.2 17.5  Source cpu__instance.load_flags_LUT4_D_B_LUT4_D_Z_LUT4_D_Z_L6MUX21_Z_D1_L6MUX21_Z_D0_PFUMX_Z_ALUT_LUT4_Z.OFX
Info:  1.5 18.9    Net cpu__instance.load_flags_LUT4_D_B_LUT4_D_Z_LUT4_D_Z[3] budget 1.212000 ns (28,11) -> (28,19)
Info:                Sink cpu__instance.flag_register__instance.flags_in_L6MUX21_Z_D1_PFUMX_Z_ALUT_LUT4_Z.D
Info:                Defined in:
Info:                  /home/mathis/oss-cad-suite/lib/../share/yosys/ecp5/cells_map.v:108.23-108.24
Info:  0.2 19.1  Source cpu__instance.flag_register__instance.flags_in_L6MUX21_Z_D1_PFUMX_Z_ALUT_LUT4_Z.F
Info:  0.0 19.1    Net cpu__instance.flag_register__instance.flags_in_L6MUX21_Z_D1_PFUMX_Z_ALUT budget 1.212000 ns (28,19) -> (28,19)
Info:                Sink cpu__instance.flag_register__instance.flags_in_L6MUX21_Z_D1_PFUMX_Z_BLUT_LUT4_Z.F1
Info:                Defined in:
Info:                  /home/mathis/oss-cad-suite/lib/../share/yosys/ecp5/cells_map.v:141.30-141.32
Info:  0.2 19.3  Source cpu__instance.flag_register__instance.flags_in_L6MUX21_Z_D1_PFUMX_Z_BLUT_LUT4_Z.OFX
Info:  0.0 19.3    Net cpu__instance.flag_register__instance.flags_in_L6MUX21_Z_D1 budget 0.000000 ns (28,19) -> (28,19)
Info:                Sink cpu__instance.flag_register__instance.flags_in_L6MUX21_Z_D1_PFUMX_Z_ALUT_LUT4_Z.FXB
Info:                Defined in:
Info:                  /home/mathis/oss-cad-suite/lib/../share/yosys/ecp5/cells_map.v:141.38-141.40
Info:  0.2 19.5  Source cpu__instance.flag_register__instance.flags_in_L6MUX21_Z_D1_PFUMX_Z_ALUT_LUT4_Z.OFX
Info:  0.6 20.2    Net cpu__instance.alu[2] budget 1.333000 ns (28,19) -> (28,21)
Info:                Sink cpu__instance.flag_register__instance.flags_TRELLIS_FF_Q_2.M
Info:                Defined in:
Info:                  ./obj/art32.sv:3450.5-3471.2
Info:                  ./obj/art32.sv:473.21-473.29
Info:                  ./obj/art32.sv:2808.14-2814.2
Info:  0.0 20.2  Setup cpu__instance.flag_register__instance.flags_TRELLIS_FF_Q_2.M
Info: 9.6 ns logic, 10.6 ns routing

Info: Critical path report for clock '$glbnet$clk80' (posedge -> posedge):
Info: curr total
Info:  0.5  0.5  Source sram__instance.cycle_parity_TRELLIS_FF_Q.Q
Info:  1.4  1.9    Net sram__instance.cycle_parity budget 5.820000 ns (13,6) -> (13,16)
Info:                Sink sram__instance.__tmp_1_LUT4_Z.D
Info:                Defined in:
Info:                  ./obj/art32.sv:1721.11-1721.23
Info:  0.2  2.1  Source sram__instance.__tmp_1_LUT4_Z.F
Info:  2.5  4.6    Net sram__instance.__tmp_1 budget 1.094000 ns (13,16) -> (29,0)
Info:                Sink sram_a_oe_n$tr_io$IOL.TXDATA0
Info:                Defined in:
Info:                  ./obj/art32.sv:1745.19-1745.28
Info:  0.1  4.7  Setup sram_a_oe_n$tr_io$IOL.TXDATA0
Info: 0.9 ns logic, 3.9 ns routing

Info: Critical path report for clock '$glbnet$clk200' (posedge -> posedge):
Info: curr total
Info:  0.5  0.5  Source vdp__instance.dvi__instance.serializer__instance.counter_TRELLIS_FF_Q_2.Q
Info:  1.2  1.7    Net vdp__instance.dvi__instance.serializer__instance.__tmp_1[0] budget 0.942000 ns (5,4) -> (6,3)
Info:                Sink vdp__instance.dvi__instance.serializer__instance.g_ddr_reg_TRELLIS_FF_Q_DI_LUT4_Z_C_LUT4_Z_1_A_LUT4_Z.B
Info:                Defined in:
Info:                  ./obj/art32.sv:3568.5-3589.2
Info:                  ./obj/art32.sv:2108.15-2118.2
Info:                  ./obj/art32.sv:597.16-597.23
Info:                  ./obj/art32.sv:2256.15-2269.2
Info:  0.2  2.0  Source vdp__instance.dvi__instance.serializer__instance.g_ddr_reg_TRELLIS_FF_Q_DI_LUT4_Z_C_LUT4_Z_1_A_LUT4_Z.F
Info:  0.9  2.8    Net vdp__instance.dvi__instance.serializer__instance.g_ddr_reg_TRELLIS_FF_Q_DI_LUT4_Z_C_LUT4_Z_1_A[2] budget 0.942000 ns (6,3) -> (5,3)
Info:                Sink vdp__instance.dvi__instance.serializer__instance.ready_LUT4_D_B_LUT4_Z_1.C
Info:                Defined in:
Info:                  /home/mathis/oss-cad-suite/lib/../share/yosys/ecp5/cells_map.v:108.23-108.24
Info:  0.2  3.1  Source vdp__instance.dvi__instance.serializer__instance.ready_LUT4_D_B_LUT4_Z_1.F
Info:  0.8  3.9    Net vdp__instance.dvi__instance.serializer__instance.ready_LUT4_D_B[3] budget 0.942000 ns (5,3) -> (5,3)
Info:                Sink vdp__instance.dvi__instance.serializer__instance.r_ddr_reg_TRELLIS_FF_Q_DI_LUT4_Z.D
Info:                Defined in:
Info:                  /home/mathis/oss-cad-suite/lib/../share/yosys/ecp5/cells_map.v:108.23-108.24
Info:  0.2  4.1  Source vdp__instance.dvi__instance.serializer__instance.r_ddr_reg_TRELLIS_FF_Q_DI_LUT4_Z.F
Info:  0.1  4.2    Net vdp__instance.dvi__instance.serializer__instance.r_ddr_reg_TRELLIS_FF_Q_DI budget 0.941000 ns (5,3) -> (5,3)
Info:                Sink vdp__instance.dvi__instance.serializer__instance.r_ddr_reg_TRELLIS_FF_Q.DI
Info:                Defined in:
Info:                  ./obj/art32.sv:3568.5-3589.2
Info:                  ./obj/art32.sv:2108.15-2118.2
Info:                  ./obj/art32.sv:652.1-678.4
Info:                  ./obj/art32.sv:2256.15-2269.2
Info:  0.0  4.2  Setup vdp__instance.dvi__instance.serializer__instance.r_ddr_reg_TRELLIS_FF_Q.DI
Info: 1.2 ns logic, 3.0 ns routing

Info: Critical path report for cross-domain path '<async>' -> 'posedge $glbnet$hdmi_clk$TRELLIS_IO_OUT':
Info: curr total
Info:  0.0  0.0  Source pll__instance.pll0.LOCK
Info:  3.1  3.1    Net pll[0] budget 2147483.750000 ns (2,49) -> (3,8)
Info:                Sink reset_LUT4_Z.D
Info:                Defined in:
Info:                  ./obj/art32.sv:3433.5-3439.2
Info:                  ../pll.v:7.17-7.23
Info:  0.2  3.3  Source reset_LUT4_Z.F
Info:  0.1  3.5    Net reset budget 12.382000 ns (3,8) -> (3,8)
Info:                Sink reset40_TRELLIS_FF_Q.DI
Info:                Defined in:
Info:                  ./obj/art32.sv:3431.11-3431.16
Info:  0.0  3.5  Setup reset40_TRELLIS_FF_Q.DI
Info: 0.2 ns logic, 3.2 ns routing

Info: Critical path report for cross-domain path 'posedge $glbnet$hdmi_clk$TRELLIS_IO_OUT' -> '<async>':
Info: curr total
Info:  0.5  0.5  Source sram__instance.sram_we_reg_TRELLIS_FF_Q.Q
Info:  4.5  5.0    Net sram[162] budget 12.120000 ns (13,16) -> (70,35)
Info:                Sink sram_a_data__port[0]$tr_io$invert_T.A
Info:                Defined in:
Info:                  ./obj/art32.sv:3490.30-3490.41
Info:  0.2  5.3  Source sram_a_data__port[0]$tr_io$invert_T.F
Info:  0.9  6.1    Net sram_a_data__port[0]$tr_io$invert_T$conn$Z budget 12.119000 ns (70,35) -> (72,35)
Info:                Sink sram_a_data__port[0]$tr_io.T
Info: 0.8 ns logic, 5.4 ns routing

Info: Critical path report for cross-domain path 'posedge $glbnet$hdmi_clk$TRELLIS_IO_OUT' -> 'posedge $glbnet$clk200':
Info: curr total
Info:  0.5  0.5  Source vdp__instance.dvi__instance.serializer__instance.b_reg_TRELLIS_FF_Q_4.Q
Info:  1.1  1.7    Net vdp__instance.dvi__instance.serializer__instance.b_reg[5] budget 0.942000 ns (3,5) -> (4,4)
Info:                Sink vdp__instance.dvi__instance.serializer__instance.b_ddr_reg_TRELLIS_FF_Q_DI_LUT4_Z_C_LUT4_Z_1_C_LUT4_Z_1.D
Info:                Defined in:
Info:                  ./obj/art32.sv:3568.5-3589.2
Info:                  ./obj/art32.sv:2108.15-2118.2
Info:                  ./obj/art32.sv:596.16-596.21
Info:                  ./obj/art32.sv:2256.15-2269.2
Info:  0.2  1.9  Source vdp__instance.dvi__instance.serializer__instance.b_ddr_reg_TRELLIS_FF_Q_DI_LUT4_Z_C_LUT4_Z_1_C_LUT4_Z_1.F
Info:  0.6  2.5    Net vdp__instance.dvi__instance.serializer__instance.b_ddr_reg_TRELLIS_FF_Q_DI_LUT4_Z_C_LUT4_Z_1_C[3] budget 0.942000 ns (4,4) -> (4,4)
Info:                Sink vdp__instance.dvi__instance.serializer__instance.b_ddr_reg_TRELLIS_FF_Q_DI_LUT4_Z_C_LUT4_Z_1.D
Info:                Defined in:
Info:                  /home/mathis/oss-cad-suite/lib/../share/yosys/ecp5/cells_map.v:108.23-108.24
Info:  0.2  2.7  Source vdp__instance.dvi__instance.serializer__instance.b_ddr_reg_TRELLIS_FF_Q_DI_LUT4_Z_C_LUT4_Z_1.F
Info:  0.6  3.4    Net vdp__instance.dvi__instance.serializer__instance.b_ddr_reg_TRELLIS_FF_Q_DI_LUT4_Z_C[3] budget 0.942000 ns (4,4) -> (4,4)
Info:                Sink vdp__instance.dvi__instance.serializer__instance.b_ddr_reg_TRELLIS_FF_Q_DI_LUT4_Z.D
Info:                Defined in:
Info:                  /home/mathis/oss-cad-suite/lib/../share/yosys/ecp5/cells_map.v:108.23-108.24
Info:  0.2  3.6  Source vdp__instance.dvi__instance.serializer__instance.b_ddr_reg_TRELLIS_FF_Q_DI_LUT4_Z.F
Info:  0.1  3.7    Net vdp__instance.dvi__instance.serializer__instance.b_ddr_reg_TRELLIS_FF_Q_DI budget 0.941000 ns (4,4) -> (4,4)
Info:                Sink vdp__instance.dvi__instance.serializer__instance.b_ddr_reg_TRELLIS_FF_Q.DI
Info:                Defined in:
Info:                  ./obj/art32.sv:3568.5-3589.2
Info:                  ./obj/art32.sv:2108.15-2118.2
Info:                  ./obj/art32.sv:652.1-678.4
Info:                  ./obj/art32.sv:2256.15-2269.2
Info:  0.0  3.7  Setup vdp__instance.dvi__instance.serializer__instance.b_ddr_reg_TRELLIS_FF_Q.DI
Info: 1.2 ns logic, 2.5 ns routing

Info: Critical path report for cross-domain path 'posedge $glbnet$hdmi_clk$TRELLIS_IO_OUT' -> 'posedge $glbnet$clk80':
Info: curr total
Info:  0.5  0.5  Source cpu__instance.lhs_TRELLIS_FF_Q_29.Q
Info:  1.7  2.2    Net cpu__instance.alu[78] budget 0.000000 ns (22,15) -> (10,15)
Info:                Sink cpu__instance.mem_address_CCU2C_S0$CCU2_COMB1.B
Info:                Defined in:
Info:                  ./obj/art32.sv:3450.5-3471.2
Info:                  ./obj/art32.sv:2892.17-2892.20
Info:  0.4  2.6  Source cpu__instance.mem_address_CCU2C_S0$CCU2_COMB1.FCO
Info:  0.0  2.6    Net cpu__instance.mem_address_CCU2C_S0_COUT[2] budget 0.000000 ns (10,15) -> (10,15)
Info:                Sink cpu__instance.program_counter__instance.data_in_CCU2C_S0_4$CCU2_COMB0.FCI
Info:                Defined in:
Info:                  ./obj/art32.sv:3450.5-3471.2
Info:                  ./obj/art32.sv:3158.19-3158.35
Info:                  /home/mathis/oss-cad-suite/lib/../share/yosys/ecp5/arith_map.v:38.23-38.25
Info:  0.1  2.7  Source cpu__instance.program_counter__instance.data_in_CCU2C_S0_4$CCU2_COMB0.FCO
Info:  0.0  2.7    Net cpu__instance.program_counter__instance.data_in_CCU2C_S0_4$CCU2_FCI_INT budget 0.000000 ns (10,15) -> (10,15)
Info:                Sink cpu__instance.program_counter__instance.data_in_CCU2C_S0_4$CCU2_COMB1.FCI
Info:  0.0  2.7  Source cpu__instance.program_counter__instance.data_in_CCU2C_S0_4$CCU2_COMB1.FCO
Info:  0.0  2.7    Net cpu__instance.mem_address_CCU2C_S0_COUT[4] budget 0.000000 ns (10,15) -> (10,15)
Info:                Sink cpu__instance.program_counter__instance.data_in_CCU2C_S0_2$CCU2_COMB0.FCI
Info:                Defined in:
Info:                  ./obj/art32.sv:3450.5-3471.2
Info:                  ./obj/art32.sv:3158.19-3158.35
Info:                  /home/mathis/oss-cad-suite/lib/../share/yosys/ecp5/arith_map.v:38.23-38.25
Info:  0.1  2.8  Source cpu__instance.program_counter__instance.data_in_CCU2C_S0_2$CCU2_COMB0.FCO
Info:  0.0  2.8    Net cpu__instance.program_counter__instance.data_in_CCU2C_S0_2$CCU2_FCI_INT budget 0.000000 ns (10,15) -> (10,15)
Info:                Sink cpu__instance.program_counter__instance.data_in_CCU2C_S0_2$CCU2_COMB1.FCI
Info:  0.0  2.8  Source cpu__instance.program_counter__instance.data_in_CCU2C_S0_2$CCU2_COMB1.FCO
Info:  0.0  2.8    Net cpu__instance.mem_address_CCU2C_S0_COUT[6] budget 0.000000 ns (10,15) -> (11,15)
Info:                Sink cpu__instance.program_counter__instance.data_in_CCU2C_S0_1$CCU2_COMB0.FCI
Info:                Defined in:
Info:                  ./obj/art32.sv:3450.5-3471.2
Info:                  ./obj/art32.sv:3158.19-3158.35
Info:                  /home/mathis/oss-cad-suite/lib/../share/yosys/ecp5/arith_map.v:38.23-38.25
Info:  0.1  2.8  Source cpu__instance.program_counter__instance.data_in_CCU2C_S0_1$CCU2_COMB0.FCO
Info:  0.0  2.8    Net cpu__instance.program_counter__instance.data_in_CCU2C_S0_1$CCU2_FCI_INT budget 0.000000 ns (11,15) -> (11,15)
Info:                Sink cpu__instance.program_counter__instance.data_in_CCU2C_S0_1$CCU2_COMB1.FCI
Info:  0.0  2.8  Source cpu__instance.program_counter__instance.data_in_CCU2C_S0_1$CCU2_COMB1.FCO
Info:  0.0  2.8    Net cpu__instance.mem_address_CCU2C_S0_COUT[8] budget 0.000000 ns (11,15) -> (11,15)
Info:                Sink cpu__instance.program_counter__instance.data_in_CCU2C_S0$CCU2_COMB0.FCI
Info:                Defined in:
Info:                  ./obj/art32.sv:3450.5-3471.2
Info:                  ./obj/art32.sv:3158.19-3158.35
Info:                  /home/mathis/oss-cad-suite/lib/../share/yosys/ecp5/arith_map.v:38.23-38.25
Info:  0.1  2.9  Source cpu__instance.program_counter__instance.data_in_CCU2C_S0$CCU2_COMB0.FCO
Info:  0.0  2.9    Net cpu__instance.program_counter__instance.data_in_CCU2C_S0$CCU2_FCI_INT budget 0.000000 ns (11,15) -> (11,15)
Info:                Sink cpu__instance.program_counter__instance.data_in_CCU2C_S0$CCU2_COMB1.FCI
Info:  0.0  2.9  Source cpu__instance.program_counter__instance.data_in_CCU2C_S0$CCU2_COMB1.FCO
Info:  0.0  2.9    Net cpu__instance.mem_address_CCU2C_S0_COUT[10] budget 0.000000 ns (11,15) -> (11,15)
Info:                Sink cpu__instance.program_counter__instance.data_in_CCU2C_S0_14$CCU2_COMB0.FCI
Info:                Defined in:
Info:                  ./obj/art32.sv:3450.5-3471.2
Info:                  ./obj/art32.sv:3158.19-3158.35
Info:                  /home/mathis/oss-cad-suite/lib/../share/yosys/ecp5/arith_map.v:38.23-38.25
Info:  0.1  3.0  Source cpu__instance.program_counter__instance.data_in_CCU2C_S0_14$CCU2_COMB0.FCO
Info:  0.0  3.0    Net cpu__instance.program_counter__instance.data_in_CCU2C_S0_14$CCU2_FCI_INT budget 0.000000 ns (11,15) -> (11,15)
Info:                Sink cpu__instance.program_counter__instance.data_in_CCU2C_S0_14$CCU2_COMB1.FCI
Info:  0.0  3.0  Source cpu__instance.program_counter__instance.data_in_CCU2C_S0_14$CCU2_COMB1.FCO
Info:  0.0  3.0    Net cpu__instance.mem_address_CCU2C_S0_COUT[12] budget 0.000000 ns (11,15) -> (11,15)
Info:                Sink cpu__instance.program_counter__instance.data_in_CCU2C_S0_13$CCU2_COMB0.FCI
Info:                Defined in:
Info:                  ./obj/art32.sv:3450.5-3471.2
Info:                  ./obj/art32.sv:3158.19-3158.35
Info:                  /home/mathis/oss-cad-suite/lib/../share/yosys/ecp5/arith_map.v:38.23-38.25
Info:  0.1  3.1  Source cpu__instance.program_counter__instance.data_in_CCU2C_S0_13$CCU2_COMB0.FCO
Info:  0.0  3.1    Net cpu__instance.program_counter__instance.data_in_CCU2C_S0_13$CCU2_FCI_INT budget 0.000000 ns (11,15) -> (11,15)
Info:                Sink cpu__instance.program_counter__instance.data_in_CCU2C_S0_13$CCU2_COMB1.FCI
Info:  0.0  3.1  Source cpu__instance.program_counter__instance.data_in_CCU2C_S0_13$CCU2_COMB1.FCO
Info:  0.0  3.1    Net cpu__instance.mem_address_CCU2C_S0_COUT[14] budget 0.000000 ns (11,15) -> (12,15)
Info:                Sink cpu__instance.program_counter__instance.data_in_CCU2C_S0_12$CCU2_COMB0.FCI
Info:                Defined in:
Info:                  ./obj/art32.sv:3450.5-3471.2
Info:                  ./obj/art32.sv:3158.19-3158.35
Info:                  /home/mathis/oss-cad-suite/lib/../share/yosys/ecp5/arith_map.v:38.23-38.25
Info:  0.1  3.1  Source cpu__instance.program_counter__instance.data_in_CCU2C_S0_12$CCU2_COMB0.FCO
Info:  0.0  3.1    Net cpu__instance.program_counter__instance.data_in_CCU2C_S0_12$CCU2_FCI_INT budget 0.000000 ns (12,15) -> (12,15)
Info:                Sink cpu__instance.program_counter__instance.data_in_CCU2C_S0_12$CCU2_COMB1.FCI
Info:  0.0  3.1  Source cpu__instance.program_counter__instance.data_in_CCU2C_S0_12$CCU2_COMB1.FCO
Info:  0.0  3.1    Net cpu__instance.mem_address_CCU2C_S0_COUT[16] budget 0.000000 ns (12,15) -> (12,15)
Info:                Sink cpu__instance.program_counter__instance.data_in_CCU2C_S0_11$CCU2_COMB0.FCI
Info:                Defined in:
Info:                  ./obj/art32.sv:3450.5-3471.2
Info:                  ./obj/art32.sv:3158.19-3158.35
Info:                  /home/mathis/oss-cad-suite/lib/../share/yosys/ecp5/arith_map.v:38.23-38.25
Info:  0.1  3.2  Source cpu__instance.program_counter__instance.data_in_CCU2C_S0_11$CCU2_COMB0.FCO
Info:  0.0  3.2    Net cpu__instance.program_counter__instance.data_in_CCU2C_S0_11$CCU2_FCI_INT budget 0.000000 ns (12,15) -> (12,15)
Info:                Sink cpu__instance.program_counter__instance.data_in_CCU2C_S0_11$CCU2_COMB1.FCI
Info:  0.0  3.2  Source cpu__instance.program_counter__instance.data_in_CCU2C_S0_11$CCU2_COMB1.FCO
Info:  0.0  3.2    Net cpu__instance.mem_address_CCU2C_S0_COUT[18] budget 0.000000 ns (12,15) -> (12,15)
Info:                Sink cpu__instance.program_counter__instance.data_in_CCU2C_S0_10$CCU2_COMB0.FCI
Info:                Defined in:
Info:                  ./obj/art32.sv:3450.5-3471.2
Info:                  ./obj/art32.sv:3158.19-3158.35
Info:                  /home/mathis/oss-cad-suite/lib/../share/yosys/ecp5/arith_map.v:38.23-38.25
Info:  0.1  3.3  Source cpu__instance.program_counter__instance.data_in_CCU2C_S0_10$CCU2_COMB0.FCO
Info:  0.0  3.3    Net cpu__instance.program_counter__instance.data_in_CCU2C_S0_10$CCU2_FCI_INT budget 0.000000 ns (12,15) -> (12,15)
Info:                Sink cpu__instance.program_counter__instance.data_in_CCU2C_S0_10$CCU2_COMB1.FCI
Info:  0.0  3.3  Source cpu__instance.program_counter__instance.data_in_CCU2C_S0_10$CCU2_COMB1.FCO
Info:  0.0  3.3    Net cpu__instance.mem_address_CCU2C_S0_COUT[20] budget 0.000000 ns (12,15) -> (12,15)
Info:                Sink cpu__instance.program_counter__instance.data_in_CCU2C_S0_9$CCU2_COMB0.FCI
Info:                Defined in:
Info:                  ./obj/art32.sv:3450.5-3471.2
Info:                  ./obj/art32.sv:3158.19-3158.35
Info:                  /home/mathis/oss-cad-suite/lib/../share/yosys/ecp5/arith_map.v:38.23-38.25
Info:  0.1  3.3  Source cpu__instance.program_counter__instance.data_in_CCU2C_S0_9$CCU2_COMB0.FCO
Info:  0.0  3.3    Net cpu__instance.program_counter__instance.data_in_CCU2C_S0_9$CCU2_FCI_INT budget 0.000000 ns (12,15) -> (12,15)
Info:                Sink cpu__instance.program_counter__instance.data_in_CCU2C_S0_9$CCU2_COMB1.FCI
Info:  0.0  3.3  Source cpu__instance.program_counter__instance.data_in_CCU2C_S0_9$CCU2_COMB1.FCO
Info:  0.0  3.3    Net cpu__instance.mem_address_CCU2C_S0_COUT[22] budget 0.000000 ns (12,15) -> (13,15)
Info:                Sink cpu__instance.program_counter__instance.data_in_CCU2C_S0_8$CCU2_COMB0.FCI
Info:                Defined in:
Info:                  ./obj/art32.sv:3450.5-3471.2
Info:                  ./obj/art32.sv:3158.19-3158.35
Info:                  /home/mathis/oss-cad-suite/lib/../share/yosys/ecp5/arith_map.v:38.23-38.25
Info:  0.1  3.4  Source cpu__instance.program_counter__instance.data_in_CCU2C_S0_8$CCU2_COMB0.FCO
Info:  0.0  3.4    Net cpu__instance.program_counter__instance.data_in_CCU2C_S0_8$CCU2_FCI_INT budget 0.000000 ns (13,15) -> (13,15)
Info:                Sink cpu__instance.program_counter__instance.data_in_CCU2C_S0_8$CCU2_COMB1.FCI
Info:  0.0  3.4  Source cpu__instance.program_counter__instance.data_in_CCU2C_S0_8$CCU2_COMB1.FCO
Info:  0.0  3.4    Net cpu__instance.mem_address_CCU2C_S0_COUT[24] budget 0.000000 ns (13,15) -> (13,15)
Info:                Sink cpu__instance.program_counter__instance.data_in_CCU2C_S0_7$CCU2_COMB0.FCI
Info:                Defined in:
Info:                  ./obj/art32.sv:3450.5-3471.2
Info:                  ./obj/art32.sv:3158.19-3158.35
Info:                  /home/mathis/oss-cad-suite/lib/../share/yosys/ecp5/arith_map.v:38.23-38.25
Info:  0.1  3.5  Source cpu__instance.program_counter__instance.data_in_CCU2C_S0_7$CCU2_COMB0.FCO
Info:  0.0  3.5    Net cpu__instance.program_counter__instance.data_in_CCU2C_S0_7$CCU2_FCI_INT budget 0.000000 ns (13,15) -> (13,15)
Info:                Sink cpu__instance.program_counter__instance.data_in_CCU2C_S0_7$CCU2_COMB1.FCI
Info:  0.0  3.5  Source cpu__instance.program_counter__instance.data_in_CCU2C_S0_7$CCU2_COMB1.FCO
Info:  0.0  3.5    Net cpu__instance.mem_address_CCU2C_S0_COUT[26] budget 0.000000 ns (13,15) -> (13,15)
Info:                Sink cpu__instance.program_counter__instance.data_in_CCU2C_S0_6$CCU2_COMB0.FCI
Info:                Defined in:
Info:                  ./obj/art32.sv:3450.5-3471.2
Info:                  ./obj/art32.sv:3158.19-3158.35
Info:                  /home/mathis/oss-cad-suite/lib/../share/yosys/ecp5/arith_map.v:38.23-38.25
Info:  0.1  3.6  Source cpu__instance.program_counter__instance.data_in_CCU2C_S0_6$CCU2_COMB0.FCO
Info:  0.0  3.6    Net cpu__instance.program_counter__instance.data_in_CCU2C_S0_6$CCU2_FCI_INT budget 0.000000 ns (13,15) -> (13,15)
Info:                Sink cpu__instance.program_counter__instance.data_in_CCU2C_S0_6$CCU2_COMB1.FCI
Info:  0.0  3.6  Source cpu__instance.program_counter__instance.data_in_CCU2C_S0_6$CCU2_COMB1.FCO
Info:  0.0  3.6    Net cpu__instance.mem_address_CCU2C_S0_COUT[28] budget 0.000000 ns (13,15) -> (13,15)
Info:                Sink cpu__instance.program_counter__instance.data_in_CCU2C_S0_5$CCU2_COMB0.FCI
Info:                Defined in:
Info:                  ./obj/art32.sv:3450.5-3471.2
Info:                  ./obj/art32.sv:3158.19-3158.35
Info:                  /home/mathis/oss-cad-suite/lib/../share/yosys/ecp5/arith_map.v:38.23-38.25
Info:  0.4  4.0  Source cpu__instance.program_counter__instance.data_in_CCU2C_S0_5$CCU2_COMB0.F
Info:  1.1  5.1    Net cpu[209] budget 1.095000 ns (13,15) -> (14,16)
Info:                Sink cpu__instance.mem_enable_PFUMX_C0_ALUT_LUT4_Z_C_LUT4_Z.C
Info:                Defined in:
Info:                  ./obj/art32.sv:3540.5-3554.2
Info:                  ./obj/art32.sv:233.26-233.34
Info:  0.2  5.3  Source cpu__instance.mem_enable_PFUMX_C0_ALUT_LUT4_Z_C_LUT4_Z.F
Info:  0.4  5.7    Net cpu__instance.mem_enable_PFUMX_C0_ALUT_LUT4_Z_C[2] budget 1.095000 ns (14,16) -> (14,16)
Info:                Sink cpu__instance.mem_enable_PFUMX_C0_ALUT_LUT4_Z.C
Info:                Defined in:
Info:                  /home/mathis/oss-cad-suite/lib/../share/yosys/ecp5/cells_map.v:108.23-108.24
Info:  0.2  6.0  Source cpu__instance.mem_enable_PFUMX_C0_ALUT_LUT4_Z.F
Info:  0.0  6.0    Net cpu__instance.mem_enable_PFUMX_C0_ALUT budget 1.095000 ns (14,16) -> (14,16)
Info:                Sink cpu__instance.mem_enable_PFUMX_C0_BLUT_LUT4_Z.F1
Info:                Defined in:
Info:                  /home/mathis/oss-cad-suite/lib/../share/yosys/ecp5/cells_map.v:133.22-133.24
Info:  0.2  6.1  Source cpu__instance.mem_enable_PFUMX_C0_BLUT_LUT4_Z.OFX
Info:  0.4  6.6    Net cpu__instance.mem_enable_PFUMX_C0_Z[3] budget 1.095000 ns (14,16) -> (13,16)
Info:                Sink mmu__instance.sram_write_PFUMX_Z_ALUT_LUT4_Z.D
Info:                Defined in:
Info:                  /home/mathis/oss-cad-suite/lib/../share/yosys/ecp5/cells_map.v:108.23-108.24
Info:  0.2  6.8  Source mmu__instance.sram_write_PFUMX_Z_ALUT_LUT4_Z.F
Info:  0.0  6.8    Net mmu__instance.sram_write_PFUMX_Z_ALUT budget 1.094000 ns (13,16) -> (13,16)
Info:                Sink mmu__instance.sram_write_PFUMX_Z_BLUT_LUT4_Z.F1
Info:                Defined in:
Info:                  /home/mathis/oss-cad-suite/lib/../share/yosys/ecp5/cells_map.v:133.22-133.24
Info:  0.2  7.0  Source mmu__instance.sram_write_PFUMX_Z_BLUT_LUT4_Z.OFX
Info:  2.0  8.9    Net mmu[131] budget 1.094000 ns (13,16) -> (2,2)
Info:                Sink sram__instance.write_read_n_in_LUT4_D.D
Info:                Defined in:
Info:                  ./obj/art32.sv:3493.30-3493.34
Info:  0.2  9.2  Source sram__instance.write_read_n_in_LUT4_D.F
Info:  0.9 10.0    Net sram__instance.sram_we_n_out_TRELLIS_FF_Q_DI budget 1.094000 ns (2,2) -> (0,2)
Info:                Sink sram_we_n$tr_io$IOL.TXDATA0
Info:                Defined in:
Info:                  ./obj/art32.sv:1779.26-1779.44
Info:  0.1 10.1  Setup sram_we_n$tr_io$IOL.TXDATA0
Info: 3.7 ns logic, 6.4 ns routing

Info: Max frequency for clock '$glbnet$hdmi_clk$TRELLIS_IO_OUT': 49.56 MHz (PASS at 40.00 MHz)
Info: Max frequency for clock                   '$glbnet$clk80': 211.33 MHz (PASS at 80.00 MHz)
Info: Max frequency for clock                  '$glbnet$clk200': 236.29 MHz (PASS at 200.00 MHz)

Info: Max delay <async>                                 -> posedge $glbnet$hdmi_clk$TRELLIS_IO_OUT: 3.45 ns
Info: Max delay posedge $glbnet$hdmi_clk$TRELLIS_IO_OUT -> <async>                                : 6.14 ns
Info: Max delay posedge $glbnet$hdmi_clk$TRELLIS_IO_OUT -> posedge $glbnet$clk200                 : 3.72 ns
Info: Max delay posedge $glbnet$hdmi_clk$TRELLIS_IO_OUT -> posedge $glbnet$clk80                  : 10.13 ns

Info: Slack histogram:
Info:  legend: * represents 12 endpoint(s)
Info:          + represents [1,12) endpoint(s)
Info: [   768,   1939) |*+
Info: [  1939,   3110) |+
Info: [  3110,   4281) |+
Info: [  4281,   5452) |+
Info: [  5452,   6623) |*+
Info: [  6623,   7794) |***+
Info: [  7794,   8965) |*+
Info: [  8965,  10136) |*+
Info: [ 10136,  11307) |+
Info: [ 11307,  12478) |***********+
Info: [ 12478,  13649) |**********+
Info: [ 13649,  14820) |***********+
Info: [ 14820,  15991) |**************************+
Info: [ 15991,  17162) |************************************************************ 
Info: [ 17162,  18333) |********************************************+
Info: [ 18333,  19504) |****************************************+
Info: [ 19504,  20675) |***************************+
Info: [ 20675,  21846) |************************+
Info: [ 21846,  23017) |******************************+
Info: [ 23017,  24188) |******************************************+

Info: Program finished normally.
